Exception in thread Thread-1:
Traceback (most recent call last):
  File "/home/rahul/miniconda3/lib/python3.10/threading.py", line 1016, in _bootstrap_inner
Traceback (most recent call last):
  File "/home/rahul/Frappe/Asia21/env/lib/python3.10/site-packages/redis/connection.py", line 824, in read_response
    response = self._parser.read_response(disable_decoding=disable_decoding)
    self.run()
  File "/home/rahul/Frappe/Asia21/env/lib/python3.10/site-packages/redis/client.py", line 1757, in run
  File "/home/rahul/Frappe/Asia21/env/lib/python3.10/site-packages/redis/connection.py", line 467, in read_response
    self.read_from_socket()
  File "/home/rahul/Frappe/Asia21/env/lib/python3.10/site-packages/redis/connection.py", line 421, in read_from_socket
    bufflen = self._sock.recv_into(self._buffer)
ConnectionResetError: [Errno 104] Connection reset by peer

During handling of the above exception, another exception occurred:

Traceback (most recent call last):
  File "/home/rahul/miniconda3/lib/python3.10/runpy.py", line 196, in _run_module_as_main
    return _run_code(code, main_globals, None,
  File "/home/rahul/miniconda3/lib/python3.10/runpy.py", line 86, in _run_code
    exec(code, run_globals)
  File "/home/rahul/Frappe/Asia21/apps/frappe/frappe/utils/bench_helper.py", line 104, in <module>
    main()
  File "/home/rahul/Frappe/Asia21/apps/frappe/frappe/utils/bench_helper.py", line 19, in main
    click.Group(commands=commands)(prog_name="bench")
  File "/home/rahul/Frappe/Asia21/env/lib/python3.10/site-packages/click/core.py", line 1130, in __call__
    return self.main(*args, **kwargs)
  File "/home/rahul/Frappe/Asia21/env/lib/python3.10/site-packages/click/core.py", line 1055, in main
    pubsub.get_message(ignore_subscribe_messages=True, timeout=sleep_time)
  File "/home/rahul/Frappe/Asia21/env/lib/python3.10/site-packages/redis/client.py", line 1648, in get_message
    response = self.parse_response(block=False, timeout=timeout)
  File "/home/rahul/Frappe/Asia21/env/lib/python3.10/site-packages/redis/client.py", line 1498, in parse_response
    if not block and not self._execute(conn, conn.can_read, timeout=timeout):
  File "/home/rahul/Frappe/Asia21/env/lib/python3.10/site-packages/redis/client.py", line 1482, in _execute
    return conn.retry.call_with_retry(
  File "/home/rahul/Frappe/Asia21/env/lib/python3.10/site-packages/redis/retry.py", line 49, in call_with_retry
    rv = self.invoke(ctx)
  File "/home/rahul/Frappe/Asia21/env/lib/python3.10/site-packages/click/core.py", line 1657, in invoke
    return _process_result(sub_ctx.command.invoke(sub_ctx))
  File "/home/rahul/Frappe/Asia21/env/lib/python3.10/site-packages/click/core.py", line 1657, in invoke
    return _process_result(sub_ctx.command.invoke(sub_ctx))
  File "/home/rahul/Frappe/Asia21/env/lib/python3.10/site-packages/click/core.py", line 1404, in invoke
    return ctx.invoke(self.callback, **ctx.params)
  File "/home/rahul/Frappe/Asia21/env/lib/python3.10/site-packages/click/core.py", line 760, in invoke
    return __callback(*args, **kwargs)
  File "/home/rahul/Frappe/Asia21/apps/frappe/frappe/commands/scheduler.py", line 205, in start_worker
    start_worker(
  File "/home/rahul/Frappe/Asia21/apps/frappe/frappe/utils/background_jobs.py", line 245, in start_worker
    worker.work(logging_level=logging_level, burst=burst)
  File "/home/rahul/Frappe/Asia21/env/lib/python3.10/site-packages/rq/worker.py", line 644, in work
    self.register_death()    fail(error)
  File "/home/rahul/Frappe/Asia21/env/lib/python3.10/site-packages/rq/worker.py", line 344, in register_death

  File "/home/rahul/Frappe/Asia21/env/lib/python3.10/site-packages/redis/client.py", line 1484, in <lambda>
        p.execute()
  File "/home/rahul/Frappe/Asia21/env/lib/python3.10/site-packages/redis/client.py", line 2078, in execute
    lambda error: self._disconnect_raise_connect(conn, error),
  File "/home/rahul/Frappe/Asia21/env/lib/python3.10/site-packages/redis/client.py", line 1471, in _disconnect_raise_connect
    return conn.retry.call_with_retry(
  File "/home/rahul/Frappe/Asia21/env/lib/python3.10/site-packages/redis/retry.py", line 49, in call_with_retry
    raise error
  File "/home/rahul/Frappe/Asia21/env/lib/python3.10/site-packages/redis/retry.py", line 46, in call_with_retry
fail(error)
  File "/home/rahul/Frappe/Asia21/env/lib/python3.10/site-packages/redis/client.py", line 2080, in <lambda>
    lambda error: self._disconnect_raise_reset(conn, error),
  File "/home/rahul/Frappe/Asia21/env/lib/python3.10/site-packages/redis/retry.py", line 46, in call_with_retry
    return do()
  File "/home/rahul/Frappe/Asia21/env/lib/python3.10/site-packages/redis/client.py", line 2079, in <lambda>
    lambda: execute(conn, stack, raise_on_error),
  File "/home/rahul/Frappe/Asia21/env/lib/python3.10/site-packages/redis/client.py", line 1933, in _execute_transaction
    self.parse_response(connection, "_")
  File "/home/rahul/Frappe/Asia21/env/lib/python3.10/site-packages/redis/client.py", line 2018, in parse_response
    result = Redis.parse_response(self, connection, command_name, **options)
  File "/home/rahul/Frappe/Asia21/env/lib/python3.10/site-packages/redis/client.py", line 1254, in parse_response
    response = connection.read_response()
  File "/home/rahul/Frappe/Asia21/env/lib/python3.10/site-packages/redis/connection.py", line 830, in read_response
    raise ConnectionError(f"Error while reading from {hosterr}" f" : {e.args}")
redis.exceptions.ConnectionError: Error while reading from localhost:11001 : (104, 'Connection reset by peer')
    /home/rahul/Frappe/Asia21/env/lib/python3.10/site-packages/botocore/httpsession.py:19: DeprecationWarning: 'urllib3.contrib.pyopenssl' module is deprecated and will be removed in a future release of urllib3 2.x. Read more in this issue: https://github.com/urllib3/urllib3/issues/2680
  from urllib3.contrib.pyopenssl import orig_util_SSLContext as SSLContext
/home/rahul/Frappe/Asia21/env/lib/python3.10/site-packages/botocore/httpsession.py:19: DeprecationWarning: 'urllib3.contrib.pyopenssl' module is deprecated and will be removed in a future release of urllib3 2.x. Read more in this issue: https://github.com/urllib3/urllib3/issues/2680
  from urllib3.contrib.pyopenssl import orig_util_SSLContext as SSLContext
/home/rahul/Frappe/Asia21/env/lib/python3.10/site-packages/botocore/httpsession.py:19: DeprecationWarning: 'urllib3.contrib.pyopenssl' module is deprecated and will be removed in a future release of urllib3 2.x. Read more in this issue: https://github.com/urllib3/urllib3/issues/2680
  from urllib3.contrib.pyopenssl import orig_util_SSLContext as SSLContext
/home/rahul/Frappe/Asia21/env/lib/python3.10/site-packages/botocore/httpsession.py:19: DeprecationWarning: 'urllib3.contrib.pyopenssl' module is deprecated and will be removed in a future release of urllib3 2.x. Read more in this issue: https://github.com/urllib3/urllib3/issues/2680
  from urllib3.contrib.pyopenssl import orig_util_SSLContext as SSLContext
/home/rahul/Frappe/Asia21/env/lib/python3.10/site-packages/botocore/httpsession.py:19: DeprecationWarning: 'urllib3.contrib.pyopenssl' module is deprecated and will be removed in a future release of urllib3 2.x. Read more in this issue: https://github.com/urllib3/urllib3/issues/2680
  from urllib3.contrib.pyopenssl import orig_util_SSLContext as SSLContext
/home/rahul/Frappe/Asia21/env/lib/python3.10/site-packages/botocore/httpsession.py:19: DeprecationWarning: 'urllib3.contrib.pyopenssl' module is deprecated and will be removed in a future release of urllib3 2.x. Read more in this issue: https://github.com/urllib3/urllib3/issues/2680
  from urllib3.contrib.pyopenssl import orig_util_SSLContext as SSLContext
Exception in thread Thread-1:
Traceback (most recent call last):
  File "/home/rahul/miniconda3/lib/python3.10/threading.py", line 1016, in _bootstrap_inner
    self.run()
  File "/home/rahul/Frappe/Asia21/env/lib/python3.10/site-packages/redis/client.py", line 1757, in run
    pubsub.get_message(ignore_subscribe_messages=True, timeout=sleep_time)
  File "/home/rahul/Frappe/Asia21/env/lib/python3.10/site-packages/redis/client.py", line 1648, in get_message
    response = self.parse_response(block=False, timeout=timeout)
  File "/home/rahul/Frappe/Asia21/env/lib/python3.10/site-packages/redis/client.py", line 1498, in parse_response
    if not block and not self._execute(conn, conn.can_read, timeout=timeout):
  File "/home/rahul/Frappe/Asia21/env/lib/python3.10/site-packages/redis/client.py", line 1482, in _execute
    return conn.retry.call_with_retry(
  File "/home/rahul/Frappe/Asia21/env/lib/python3.10/site-packages/redis/retry.py", line 49, in call_with_retry
    fail(error)
  File "/home/rahul/Frappe/Asia21/env/lib/python3.10/site-packages/redis/client.py", line 1484, in <lambda>
    lambda error: self._disconnect_raise_connect(conn, error),
  File "/home/rahul/Frappe/Asia21/env/lib/python3.10/site-packages/redis/client.py", line 1471, in _disconnect_raise_connect
    raise error
  File "/home/rahul/Frappe/Asia21/env/lib/python3.10/site-packages/redis/retry.py", line 46, in call_with_retry
    return do()
  File "/home/rahul/Frappe/Asia21/env/lib/python3.10/site-packages/redis/client.py", line 1483, in <lambda>
    lambda: command(*args, **kwargs),
  File "/home/rahul/Frappe/Asia21/env/lib/python3.10/site-packages/redis/connection.py", line 809, in can_read
    return self._parser.can_read(timeout)
  File "/home/rahul/Frappe/Asia21/env/lib/python3.10/site-packages/redis/connection.py", line 411, in can_read
    return self.read_from_socket(timeout=timeout, raise_on_timeout=False)
  File "/home/rahul/Frappe/Asia21/env/lib/python3.10/site-packages/redis/connection.py", line 423, in read_from_socket
    raise ConnectionError(SERVER_CLOSED_CONNECTION_ERROR)
redis.exceptions.ConnectionError: Connection closed by server.
Traceback (most recent call last):
  File "/home/rahul/Frappe/Asia21/env/lib/python3.10/site-packages/redis/connection.py", line 611, in connect
    sock = self.retry.call_with_retry(
  File "/home/rahul/Frappe/Asia21/env/lib/python3.10/site-packages/redis/retry.py", line 46, in call_with_retry
    return do()
  File "/home/rahul/Frappe/Asia21/env/lib/python3.10/site-packages/redis/connection.py", line 612, in <lambda>
    lambda: self._connect(), lambda error: self.disconnect(error)
  File "/home/rahul/Frappe/Asia21/env/lib/python3.10/site-packages/redis/connection.py", line 677, in _connect
    raise err
  File "/home/rahul/Frappe/Asia21/env/lib/python3.10/site-packages/redis/connection.py", line 665, in _connect
    sock.connect(socket_address)
ConnectionRefusedError: [Errno 111] Connection refused

During handling of the above exception, another exception occurred:

Traceback (most recent call last):
  File "/home/rahul/miniconda3/lib/python3.10/runpy.py", line 196, in _run_module_as_main
    return _run_code(code, main_globals, None,
  File "/home/rahul/miniconda3/lib/python3.10/runpy.py", line 86, in _run_code
    exec(code, run_globals)
  File "/home/rahul/Frappe/Asia21/apps/frappe/frappe/utils/bench_helper.py", line 104, in <module>
    main()
  File "/home/rahul/Frappe/Asia21/apps/frappe/frappe/utils/bench_helper.py", line 19, in main
    click.Group(commands=commands)(prog_name="bench")
  File "/home/rahul/Frappe/Asia21/env/lib/python3.10/site-packages/click/core.py", line 1130, in __call__
    return self.main(*args, **kwargs)
  File "/home/rahul/Frappe/Asia21/env/lib/python3.10/site-packages/click/core.py", line 1055, in main
    rv = self.invoke(ctx)
  File "/home/rahul/Frappe/Asia21/env/lib/python3.10/site-packages/click/core.py", line 1657, in invoke
    return _process_result(sub_ctx.command.invoke(sub_ctx))
  File "/home/rahul/Frappe/Asia21/env/lib/python3.10/site-packages/click/core.py", line 1657, in invoke
    return _process_result(sub_ctx.command.invoke(sub_ctx))
  File "/home/rahul/Frappe/Asia21/env/lib/python3.10/site-packages/click/core.py", line 1404, in invoke
    return ctx.invoke(self.callback, **ctx.params)
  File "/home/rahul/Frappe/Asia21/env/lib/python3.10/site-packages/click/core.py", line 760, in invoke
    return __callback(*args, **kwargs)
  File "/home/rahul/Frappe/Asia21/apps/frappe/frappe/commands/scheduler.py", line 205, in start_worker
    start_worker(
  File "/home/rahul/Frappe/Asia21/apps/frappe/frappe/utils/background_jobs.py", line 245, in start_worker
    worker.work(logging_level=logging_level, burst=burst)
  File "/home/rahul/Frappe/Asia21/env/lib/python3.10/site-packages/rq/worker.py", line 645, in work
    self.unsubscribe()
  File "/home/rahul/Frappe/Asia21/env/lib/python3.10/site-packages/rq/worker.py", line 550, in unsubscribe
    self.pubsub.unsubscribe()
  File "/home/rahul/Frappe/Asia21/env/lib/python3.10/site-packages/redis/client.py", line 1617, in unsubscribe
    return self.execute_command("UNSUBSCRIBE", *args)
  File "/home/rahul/Frappe/Asia21/env/lib/python3.10/site-packages/redis/client.py", line 1443, in execute_command
    self._execute(connection, connection.send_command, *args, **kwargs)
  File "/home/rahul/Frappe/Asia21/env/lib/python3.10/site-packages/redis/client.py", line 1482, in _execute
    return conn.retry.call_with_retry(
  File "/home/rahul/Frappe/Asia21/env/lib/python3.10/site-packages/redis/retry.py", line 49, in call_with_retry
    fail(error)
  File "/home/rahul/Frappe/Asia21/env/lib/python3.10/site-packages/redis/client.py", line 1484, in <lambda>
    lambda error: self._disconnect_raise_connect(conn, error),
  File "/home/rahul/Frappe/Asia21/env/lib/python3.10/site-packages/redis/client.py", line 1471, in _disconnect_raise_connect
    raise error
  File "/home/rahul/Frappe/Asia21/env/lib/python3.10/site-packages/redis/retry.py", line 46, in call_with_retry
    return do()
  File "/home/rahul/Frappe/Asia21/env/lib/python3.10/site-packages/redis/client.py", line 1483, in <lambda>
    lambda: command(*args, **kwargs),
  File "/home/rahul/Frappe/Asia21/env/lib/python3.10/site-packages/redis/connection.py", line 799, in send_command
    self.send_packed_command(
  File "/home/rahul/Frappe/Asia21/env/lib/python3.10/site-packages/redis/connection.py", line 773, in send_packed_command
    self.connect()
  File "/home/rahul/Frappe/Asia21/env/lib/python3.10/site-packages/redis/connection.py", line 617, in connect
    raise ConnectionError(self._error_message(e))
redis.exceptions.ConnectionError: Error 111 connecting to localhost:11001. Connection refused.
Exception in thread Thread-1:
Traceback (most recent call last):
  File "/home/rahul/miniconda3/lib/python3.10/threading.py", line 1016, in _bootstrap_inner
    self.run()
  File "/home/rahul/Frappe/Asia21/env/lib/python3.10/site-packages/redis/client.py", line 1757, in run
    pubsub.get_message(ignore_subscribe_messages=True, timeout=sleep_time)
  File "/home/rahul/Frappe/Asia21/env/lib/python3.10/site-packages/redis/client.py", line 1648, in get_message
    response = self.parse_response(block=False, timeout=timeout)
  File "/home/rahul/Frappe/Asia21/env/lib/python3.10/site-packages/redis/client.py", line 1498, in parse_response
    if not block and not self._execute(conn, conn.can_read, timeout=timeout):
  File "/home/rahul/Frappe/Asia21/env/lib/python3.10/site-packages/redis/client.py", line 1482, in _execute
    return conn.retry.call_with_retry(
  File "/home/rahul/Frappe/Asia21/env/lib/python3.10/site-packages/redis/retry.py", line 49, in call_with_retry
    fail(error)
  File "/home/rahul/Frappe/Asia21/env/lib/python3.10/site-packages/redis/client.py", line 1484, in <lambda>
    lambda error: self._disconnect_raise_connect(conn, error),
  File "/home/rahul/Frappe/Asia21/env/lib/python3.10/site-packages/redis/client.py", line 1471, in _disconnect_raise_connect
    raise error
  File "/home/rahul/Frappe/Asia21/env/lib/python3.10/site-packages/redis/retry.py", line 46, in call_with_retry
    return do()
  File "/home/rahul/Frappe/Asia21/env/lib/python3.10/site-packages/redis/client.py", line 1483, in <lambda>
    lambda: command(*args, **kwargs),
  File "/home/rahul/Frappe/Asia21/env/lib/python3.10/site-packages/redis/connection.py", line 809, in can_read
    return self._parser.can_read(timeout)
  File "/home/rahul/Frappe/Asia21/env/lib/python3.10/site-packages/redis/connection.py", line 411, in can_read
    return self.read_from_socket(timeout=timeout, raise_on_timeout=False)
  File "/home/rahul/Frappe/Asia21/env/lib/python3.10/site-packages/redis/connection.py", line 423, in read_from_socket
    raise ConnectionError(SERVER_CLOSED_CONNECTION_ERROR)
redis.exceptions.ConnectionError: Connection closed by server.
Traceback (most recent call last):
  File "/home/rahul/Frappe/Asia21/env/lib/python3.10/site-packages/redis/connection.py", line 611, in connect
    sock = self.retry.call_with_retry(
  File "/home/rahul/Frappe/Asia21/env/lib/python3.10/site-packages/redis/retry.py", line 46, in call_with_retry
    return do()
  File "/home/rahul/Frappe/Asia21/env/lib/python3.10/site-packages/redis/connection.py", line 612, in <lambda>
    lambda: self._connect(), lambda error: self.disconnect(error)
  File "/home/rahul/Frappe/Asia21/env/lib/python3.10/site-packages/redis/connection.py", line 677, in _connect
    raise err
  File "/home/rahul/Frappe/Asia21/env/lib/python3.10/site-packages/redis/connection.py", line 665, in _connect
    sock.connect(socket_address)
ConnectionRefusedError: [Errno 111] Connection refused

During handling of the above exception, another exception occurred:

Traceback (most recent call last):
  File "/home/rahul/miniconda3/lib/python3.10/runpy.py", line 196, in _run_module_as_main
    return _run_code(code, main_globals, None,
  File "/home/rahul/miniconda3/lib/python3.10/runpy.py", line 86, in _run_code
    exec(code, run_globals)
  File "/home/rahul/Frappe/Asia21/apps/frappe/frappe/utils/bench_helper.py", line 104, in <module>
    main()
  File "/home/rahul/Frappe/Asia21/apps/frappe/frappe/utils/bench_helper.py", line 19, in main
    click.Group(commands=commands)(prog_name="bench")
  File "/home/rahul/Frappe/Asia21/env/lib/python3.10/site-packages/click/core.py", line 1130, in __call__
    return self.main(*args, **kwargs)
  File "/home/rahul/Frappe/Asia21/env/lib/python3.10/site-packages/click/core.py", line 1055, in main
    rv = self.invoke(ctx)
  File "/home/rahul/Frappe/Asia21/env/lib/python3.10/site-packages/click/core.py", line 1657, in invoke
    return _process_result(sub_ctx.command.invoke(sub_ctx))
  File "/home/rahul/Frappe/Asia21/env/lib/python3.10/site-packages/click/core.py", line 1657, in invoke
    return _process_result(sub_ctx.command.invoke(sub_ctx))
  File "/home/rahul/Frappe/Asia21/env/lib/python3.10/site-packages/click/core.py", line 1404, in invoke
    return ctx.invoke(self.callback, **ctx.params)
  File "/home/rahul/Frappe/Asia21/env/lib/python3.10/site-packages/click/core.py", line 760, in invoke
    return __callback(*args, **kwargs)
  File "/home/rahul/Frappe/Asia21/apps/frappe/frappe/commands/scheduler.py", line 205, in start_worker
    start_worker(
  File "/home/rahul/Frappe/Asia21/apps/frappe/frappe/utils/background_jobs.py", line 245, in start_worker
    worker.work(logging_level=logging_level, burst=burst)
  File "/home/rahul/Frappe/Asia21/env/lib/python3.10/site-packages/rq/worker.py", line 645, in work
    self.unsubscribe()
  File "/home/rahul/Frappe/Asia21/env/lib/python3.10/site-packages/rq/worker.py", line 550, in unsubscribe
    self.pubsub.unsubscribe()
  File "/home/rahul/Frappe/Asia21/env/lib/python3.10/site-packages/redis/client.py", line 1617, in unsubscribe
    return self.execute_command("UNSUBSCRIBE", *args)
  File "/home/rahul/Frappe/Asia21/env/lib/python3.10/site-packages/redis/client.py", line 1443, in execute_command
    self._execute(connection, connection.send_command, *args, **kwargs)
  File "/home/rahul/Frappe/Asia21/env/lib/python3.10/site-packages/redis/client.py", line 1482, in _execute
    return conn.retry.call_with_retry(
  File "/home/rahul/Frappe/Asia21/env/lib/python3.10/site-packages/redis/retry.py", line 49, in call_with_retry
    fail(error)
  File "/home/rahul/Frappe/Asia21/env/lib/python3.10/site-packages/redis/client.py", line 1484, in <lambda>
    lambda error: self._disconnect_raise_connect(conn, error),
  File "/home/rahul/Frappe/Asia21/env/lib/python3.10/site-packages/redis/client.py", line 1471, in _disconnect_raise_connect
    raise error
  File "/home/rahul/Frappe/Asia21/env/lib/python3.10/site-packages/redis/retry.py", line 46, in call_with_retry
    return do()
  File "/home/rahul/Frappe/Asia21/env/lib/python3.10/site-packages/redis/client.py", line 1483, in <lambda>
    lambda: command(*args, **kwargs),
  File "/home/rahul/Frappe/Asia21/env/lib/python3.10/site-packages/redis/connection.py", line 799, in send_command
    self.send_packed_command(
  File "/home/rahul/Frappe/Asia21/env/lib/python3.10/site-packages/redis/connection.py", line 773, in send_packed_command
    self.connect()
  File "/home/rahul/Frappe/Asia21/env/lib/python3.10/site-packages/redis/connection.py", line 617, in connect
    raise ConnectionError(self._error_message(e))
redis.exceptions.ConnectionError: Error 111 connecting to localhost:11001. Connection refused.
Exception in thread Thread-1:
Traceback (most recent call last):
  File "/home/rahul/miniconda3/lib/python3.10/threading.py", line 1016, in _bootstrap_inner
    self.run()
  File "/home/rahul/Frappe/Asia21/env/lib/python3.10/site-packages/redis/client.py", line 1757, in run
    pubsub.get_message(ignore_subscribe_messages=True, timeout=sleep_time)
  File "/home/rahul/Frappe/Asia21/env/lib/python3.10/site-packages/redis/client.py", line 1648, in get_message
    response = self.parse_response(block=False, timeout=timeout)
  File "/home/rahul/Frappe/Asia21/env/lib/python3.10/site-packages/redis/client.py", line 1498, in parse_response
    if not block and not self._execute(conn, conn.can_read, timeout=timeout):
  File "/home/rahul/Frappe/Asia21/env/lib/python3.10/site-packages/redis/client.py", line 1482, in _execute
    return conn.retry.call_with_retry(
  File "/home/rahul/Frappe/Asia21/env/lib/python3.10/site-packages/redis/retry.py", line 49, in call_with_retry
    fail(error)
  File "/home/rahul/Frappe/Asia21/env/lib/python3.10/site-packages/redis/client.py", line 1484, in <lambda>
    lambda error: self._disconnect_raise_connect(conn, error),
  File "/home/rahul/Frappe/Asia21/env/lib/python3.10/site-packages/redis/client.py", line 1471, in _disconnect_raise_connect
    raise error
  File "/home/rahul/Frappe/Asia21/env/lib/python3.10/site-packages/redis/retry.py", line 46, in call_with_retry
    return do()
  File "/home/rahul/Frappe/Asia21/env/lib/python3.10/site-packages/redis/client.py", line 1483, in <lambda>
    lambda: command(*args, **kwargs),
  File "/home/rahul/Frappe/Asia21/env/lib/python3.10/site-packages/redis/connection.py", line 809, in can_read
    return self._parser.can_read(timeout)
  File "/home/rahul/Frappe/Asia21/env/lib/python3.10/site-packages/redis/connection.py", line 411, in can_read
    return self.read_from_socket(timeout=timeout, raise_on_timeout=False)
  File "/home/rahul/Frappe/Asia21/env/lib/python3.10/site-packages/redis/connection.py", line 423, in read_from_socket
    raise ConnectionError(SERVER_CLOSED_CONNECTION_ERROR)
redis.exceptions.ConnectionError: Connection closed by server.
Traceback (most recent call last):
  File "/home/rahul/Frappe/Asia21/env/lib/python3.10/site-packages/redis/connection.py", line 611, in connect
    sock = self.retry.call_with_retry(
  File "/home/rahul/Frappe/Asia21/env/lib/python3.10/site-packages/redis/retry.py", line 46, in call_with_retry
    return do()
  File "/home/rahul/Frappe/Asia21/env/lib/python3.10/site-packages/redis/connection.py", line 612, in <lambda>
    lambda: self._connect(), lambda error: self.disconnect(error)
  File "/home/rahul/Frappe/Asia21/env/lib/python3.10/site-packages/redis/connection.py", line 677, in _connect
    raise err
  File "/home/rahul/Frappe/Asia21/env/lib/python3.10/site-packages/redis/connection.py", line 665, in _connect
    sock.connect(socket_address)
ConnectionRefusedError: [Errno 111] Connection refused

During handling of the above exception, another exception occurred:

Traceback (most recent call last):
  File "/home/rahul/miniconda3/lib/python3.10/runpy.py", line 196, in _run_module_as_main
    return _run_code(code, main_globals, None,
  File "/home/rahul/miniconda3/lib/python3.10/runpy.py", line 86, in _run_code
    exec(code, run_globals)
  File "/home/rahul/Frappe/Asia21/apps/frappe/frappe/utils/bench_helper.py", line 104, in <module>
    main()
  File "/home/rahul/Frappe/Asia21/apps/frappe/frappe/utils/bench_helper.py", line 19, in main
    click.Group(commands=commands)(prog_name="bench")
  File "/home/rahul/Frappe/Asia21/env/lib/python3.10/site-packages/click/core.py", line 1130, in __call__
    return self.main(*args, **kwargs)
  File "/home/rahul/Frappe/Asia21/env/lib/python3.10/site-packages/click/core.py", line 1055, in main
    rv = self.invoke(ctx)
  File "/home/rahul/Frappe/Asia21/env/lib/python3.10/site-packages/click/core.py", line 1657, in invoke
    return _process_result(sub_ctx.command.invoke(sub_ctx))
  File "/home/rahul/Frappe/Asia21/env/lib/python3.10/site-packages/click/core.py", line 1657, in invoke
    return _process_result(sub_ctx.command.invoke(sub_ctx))
  File "/home/rahul/Frappe/Asia21/env/lib/python3.10/site-packages/click/core.py", line 1404, in invoke
    return ctx.invoke(self.callback, **ctx.params)
  File "/home/rahul/Frappe/Asia21/env/lib/python3.10/site-packages/click/core.py", line 760, in invoke
    return __callback(*args, **kwargs)
  File "/home/rahul/Frappe/Asia21/apps/frappe/frappe/commands/scheduler.py", line 205, in start_worker
    start_worker(
  File "/home/rahul/Frappe/Asia21/apps/frappe/frappe/utils/background_jobs.py", line 245, in start_worker
    worker.work(logging_level=logging_level, burst=burst)
  File "/home/rahul/Frappe/Asia21/env/lib/python3.10/site-packages/rq/worker.py", line 645, in work
    self.unsubscribe()
  File "/home/rahul/Frappe/Asia21/env/lib/python3.10/site-packages/rq/worker.py", line 550, in unsubscribe
    self.pubsub.unsubscribe()
  File "/home/rahul/Frappe/Asia21/env/lib/python3.10/site-packages/redis/client.py", line 1617, in unsubscribe
    return self.execute_command("UNSUBSCRIBE", *args)
  File "/home/rahul/Frappe/Asia21/env/lib/python3.10/site-packages/redis/client.py", line 1443, in execute_command
    self._execute(connection, connection.send_command, *args, **kwargs)
  File "/home/rahul/Frappe/Asia21/env/lib/python3.10/site-packages/redis/client.py", line 1482, in _execute
    return conn.retry.call_with_retry(
  File "/home/rahul/Frappe/Asia21/env/lib/python3.10/site-packages/redis/retry.py", line 49, in call_with_retry
    fail(error)
  File "/home/rahul/Frappe/Asia21/env/lib/python3.10/site-packages/redis/client.py", line 1484, in <lambda>
    lambda error: self._disconnect_raise_connect(conn, error),
  File "/home/rahul/Frappe/Asia21/env/lib/python3.10/site-packages/redis/client.py", line 1471, in _disconnect_raise_connect
    raise error
  File "/home/rahul/Frappe/Asia21/env/lib/python3.10/site-packages/redis/retry.py", line 46, in call_with_retry
    return do()
  File "/home/rahul/Frappe/Asia21/env/lib/python3.10/site-packages/redis/client.py", line 1483, in <lambda>
    lambda: command(*args, **kwargs),
  File "/home/rahul/Frappe/Asia21/env/lib/python3.10/site-packages/redis/connection.py", line 799, in send_command
    self.send_packed_command(
  File "/home/rahul/Frappe/Asia21/env/lib/python3.10/site-packages/redis/connection.py", line 773, in send_packed_command
    self.connect()
  File "/home/rahul/Frappe/Asia21/env/lib/python3.10/site-packages/redis/connection.py", line 617, in connect
    raise ConnectionError(self._error_message(e))
redis.exceptions.ConnectionError: Error 111 connecting to localhost:11001. Connection refused.
Exception in thread Thread-1:
Traceback (most recent call last):
  File "/home/rahul/miniconda3/lib/python3.10/threading.py", line 1016, in _bootstrap_inner
    self.run()
  File "/home/rahul/Frappe/Asia21/env/lib/python3.10/site-packages/redis/client.py", line 1757, in run
    pubsub.get_message(ignore_subscribe_messages=True, timeout=sleep_time)
  File "/home/rahul/Frappe/Asia21/env/lib/python3.10/site-packages/redis/client.py", line 1648, in get_message
    response = self.parse_response(block=False, timeout=timeout)
  File "/home/rahul/Frappe/Asia21/env/lib/python3.10/site-packages/redis/client.py", line 1498, in parse_response
    if not block and not self._execute(conn, conn.can_read, timeout=timeout):
  File "/home/rahul/Frappe/Asia21/env/lib/python3.10/site-packages/redis/client.py", line 1482, in _execute
    return conn.retry.call_with_retry(
  File "/home/rahul/Frappe/Asia21/env/lib/python3.10/site-packages/redis/retry.py", line 49, in call_with_retry
    fail(error)
  File "/home/rahul/Frappe/Asia21/env/lib/python3.10/site-packages/redis/client.py", line 1484, in <lambda>
    lambda error: self._disconnect_raise_connect(conn, error),
  File "/home/rahul/Frappe/Asia21/env/lib/python3.10/site-packages/redis/client.py", line 1471, in _disconnect_raise_connect
    raise error
  File "/home/rahul/Frappe/Asia21/env/lib/python3.10/site-packages/redis/retry.py", line 46, in call_with_retry
    return do()
  File "/home/rahul/Frappe/Asia21/env/lib/python3.10/site-packages/redis/client.py", line 1483, in <lambda>
    lambda: command(*args, **kwargs),
  File "/home/rahul/Frappe/Asia21/env/lib/python3.10/site-packages/redis/connection.py", line 809, in can_read
    return self._parser.can_read(timeout)
  File "/home/rahul/Frappe/Asia21/env/lib/python3.10/site-packages/redis/connection.py", line 411, in can_read
    return self.read_from_socket(timeout=timeout, raise_on_timeout=False)
  File "/home/rahul/Frappe/Asia21/env/lib/python3.10/site-packages/redis/connection.py", line 423, in read_from_socket
    raise ConnectionError(SERVER_CLOSED_CONNECTION_ERROR)
redis.exceptions.ConnectionError: Connection closed by server.
Traceback (most recent call last):
  File "/home/rahul/Frappe/Asia21/env/lib/python3.10/site-packages/redis/connection.py", line 611, in connect
    sock = self.retry.call_with_retry(
  File "/home/rahul/Frappe/Asia21/env/lib/python3.10/site-packages/redis/retry.py", line 46, in call_with_retry
    return do()
  File "/home/rahul/Frappe/Asia21/env/lib/python3.10/site-packages/redis/connection.py", line 612, in <lambda>
    lambda: self._connect(), lambda error: self.disconnect(error)
  File "/home/rahul/Frappe/Asia21/env/lib/python3.10/site-packages/redis/connection.py", line 677, in _connect
    raise err
  File "/home/rahul/Frappe/Asia21/env/lib/python3.10/site-packages/redis/connection.py", line 665, in _connect
    sock.connect(socket_address)
ConnectionRefusedError: [Errno 111] Connection refused

During handling of the above exception, another exception occurred:

Traceback (most recent call last):
  File "/home/rahul/miniconda3/lib/python3.10/runpy.py", line 196, in _run_module_as_main
    return _run_code(code, main_globals, None,
  File "/home/rahul/miniconda3/lib/python3.10/runpy.py", line 86, in _run_code
    exec(code, run_globals)
  File "/home/rahul/Frappe/Asia21/apps/frappe/frappe/utils/bench_helper.py", line 104, in <module>
    main()
  File "/home/rahul/Frappe/Asia21/apps/frappe/frappe/utils/bench_helper.py", line 19, in main
    click.Group(commands=commands)(prog_name="bench")
  File "/home/rahul/Frappe/Asia21/env/lib/python3.10/site-packages/click/core.py", line 1130, in __call__
    return self.main(*args, **kwargs)
  File "/home/rahul/Frappe/Asia21/env/lib/python3.10/site-packages/click/core.py", line 1055, in main
    rv = self.invoke(ctx)
  File "/home/rahul/Frappe/Asia21/env/lib/python3.10/site-packages/click/core.py", line 1657, in invoke
    return _process_result(sub_ctx.command.invoke(sub_ctx))
  File "/home/rahul/Frappe/Asia21/env/lib/python3.10/site-packages/click/core.py", line 1657, in invoke
    return _process_result(sub_ctx.command.invoke(sub_ctx))
  File "/home/rahul/Frappe/Asia21/env/lib/python3.10/site-packages/click/core.py", line 1404, in invoke
    return ctx.invoke(self.callback, **ctx.params)
  File "/home/rahul/Frappe/Asia21/env/lib/python3.10/site-packages/click/core.py", line 760, in invoke
    return __callback(*args, **kwargs)
  File "/home/rahul/Frappe/Asia21/apps/frappe/frappe/commands/scheduler.py", line 205, in start_worker
    start_worker(
  File "/home/rahul/Frappe/Asia21/apps/frappe/frappe/utils/background_jobs.py", line 245, in start_worker
    worker.work(logging_level=logging_level, burst=burst)
  File "/home/rahul/Frappe/Asia21/env/lib/python3.10/site-packages/rq/worker.py", line 645, in work
    self.unsubscribe()
  File "/home/rahul/Frappe/Asia21/env/lib/python3.10/site-packages/rq/worker.py", line 550, in unsubscribe
    self.pubsub.unsubscribe()
  File "/home/rahul/Frappe/Asia21/env/lib/python3.10/site-packages/redis/client.py", line 1617, in unsubscribe
    return self.execute_command("UNSUBSCRIBE", *args)
  File "/home/rahul/Frappe/Asia21/env/lib/python3.10/site-packages/redis/client.py", line 1443, in execute_command
    self._execute(connection, connection.send_command, *args, **kwargs)
  File "/home/rahul/Frappe/Asia21/env/lib/python3.10/site-packages/redis/client.py", line 1482, in _execute
    return conn.retry.call_with_retry(
  File "/home/rahul/Frappe/Asia21/env/lib/python3.10/site-packages/redis/retry.py", line 49, in call_with_retry
    fail(error)
  File "/home/rahul/Frappe/Asia21/env/lib/python3.10/site-packages/redis/client.py", line 1484, in <lambda>
    lambda error: self._disconnect_raise_connect(conn, error),
  File "/home/rahul/Frappe/Asia21/env/lib/python3.10/site-packages/redis/client.py", line 1471, in _disconnect_raise_connect
    raise error
  File "/home/rahul/Frappe/Asia21/env/lib/python3.10/site-packages/redis/retry.py", line 46, in call_with_retry
    return do()
  File "/home/rahul/Frappe/Asia21/env/lib/python3.10/site-packages/redis/client.py", line 1483, in <lambda>
    lambda: command(*args, **kwargs),
  File "/home/rahul/Frappe/Asia21/env/lib/python3.10/site-packages/redis/connection.py", line 799, in send_command
    self.send_packed_command(
  File "/home/rahul/Frappe/Asia21/env/lib/python3.10/site-packages/redis/connection.py", line 773, in send_packed_command
    self.connect()
  File "/home/rahul/Frappe/Asia21/env/lib/python3.10/site-packages/redis/connection.py", line 617, in connect
    raise ConnectionError(self._error_message(e))
redis.exceptions.ConnectionError: Error 111 connecting to localhost:11001. Connection refused.
Exception in thread Thread-1:
Traceback (most recent call last):
  File "/home/rahul/miniconda3/lib/python3.10/threading.py", line 1016, in _bootstrap_inner
    self.run()
  File "/home/rahul/Frappe/Asia21/env/lib/python3.10/site-packages/redis/client.py", line 1757, in run
    pubsub.get_message(ignore_subscribe_messages=True, timeout=sleep_time)
  File "/home/rahul/Frappe/Asia21/env/lib/python3.10/site-packages/redis/client.py", line 1648, in get_message
    response = self.parse_response(block=False, timeout=timeout)
  File "/home/rahul/Frappe/Asia21/env/lib/python3.10/site-packages/redis/client.py", line 1498, in parse_response
    if not block and not self._execute(conn, conn.can_read, timeout=timeout):
  File "/home/rahul/Frappe/Asia21/env/lib/python3.10/site-packages/redis/client.py", line 1482, in _execute
    return conn.retry.call_with_retry(
  File "/home/rahul/Frappe/Asia21/env/lib/python3.10/site-packages/redis/retry.py", line 49, in call_with_retry
    fail(error)
  File "/home/rahul/Frappe/Asia21/env/lib/python3.10/site-packages/redis/client.py", line 1484, in <lambda>
    lambda error: self._disconnect_raise_connect(conn, error),
  File "/home/rahul/Frappe/Asia21/env/lib/python3.10/site-packages/redis/client.py", line 1471, in _disconnect_raise_connect
    raise error
  File "/home/rahul/Frappe/Asia21/env/lib/python3.10/site-packages/redis/retry.py", line 46, in call_with_retry
    return do()
  File "/home/rahul/Frappe/Asia21/env/lib/python3.10/site-packages/redis/client.py", line 1483, in <lambda>
    lambda: command(*args, **kwargs),
  File "/home/rahul/Frappe/Asia21/env/lib/python3.10/site-packages/redis/connection.py", line 809, in can_read
    return self._parser.can_read(timeout)
  File "/home/rahul/Frappe/Asia21/env/lib/python3.10/site-packages/redis/connection.py", line 411, in can_read
    return self.read_from_socket(timeout=timeout, raise_on_timeout=False)
  File "/home/rahul/Frappe/Asia21/env/lib/python3.10/site-packages/redis/connection.py", line 423, in read_from_socket
    raise ConnectionError(SERVER_CLOSED_CONNECTION_ERROR)
redis.exceptions.ConnectionError: Connection closed by server.
Traceback (most recent call last):
  File "/home/rahul/Frappe/Asia21/env/lib/python3.10/site-packages/redis/connection.py", line 611, in connect
    sock = self.retry.call_with_retry(
  File "/home/rahul/Frappe/Asia21/env/lib/python3.10/site-packages/redis/retry.py", line 46, in call_with_retry
    return do()
  File "/home/rahul/Frappe/Asia21/env/lib/python3.10/site-packages/redis/connection.py", line 612, in <lambda>
    lambda: self._connect(), lambda error: self.disconnect(error)
  File "/home/rahul/Frappe/Asia21/env/lib/python3.10/site-packages/redis/connection.py", line 677, in _connect
    raise err
  File "/home/rahul/Frappe/Asia21/env/lib/python3.10/site-packages/redis/connection.py", line 665, in _connect
    sock.connect(socket_address)
ConnectionRefusedError: [Errno 111] Connection refused

During handling of the above exception, another exception occurred:

Traceback (most recent call last):
  File "/home/rahul/miniconda3/lib/python3.10/runpy.py", line 196, in _run_module_as_main
    return _run_code(code, main_globals, None,
  File "/home/rahul/miniconda3/lib/python3.10/runpy.py", line 86, in _run_code
    exec(code, run_globals)
  File "/home/rahul/Frappe/Asia21/apps/frappe/frappe/utils/bench_helper.py", line 104, in <module>
    main()
  File "/home/rahul/Frappe/Asia21/apps/frappe/frappe/utils/bench_helper.py", line 19, in main
    click.Group(commands=commands)(prog_name="bench")
  File "/home/rahul/Frappe/Asia21/env/lib/python3.10/site-packages/click/core.py", line 1130, in __call__
    return self.main(*args, **kwargs)
  File "/home/rahul/Frappe/Asia21/env/lib/python3.10/site-packages/click/core.py", line 1055, in main
    rv = self.invoke(ctx)
  File "/home/rahul/Frappe/Asia21/env/lib/python3.10/site-packages/click/core.py", line 1657, in invoke
    return _process_result(sub_ctx.command.invoke(sub_ctx))
  File "/home/rahul/Frappe/Asia21/env/lib/python3.10/site-packages/click/core.py", line 1657, in invoke
    return _process_result(sub_ctx.command.invoke(sub_ctx))
  File "/home/rahul/Frappe/Asia21/env/lib/python3.10/site-packages/click/core.py", line 1404, in invoke
    return ctx.invoke(self.callback, **ctx.params)
  File "/home/rahul/Frappe/Asia21/env/lib/python3.10/site-packages/click/core.py", line 760, in invoke
    return __callback(*args, **kwargs)
  File "/home/rahul/Frappe/Asia21/apps/frappe/frappe/commands/scheduler.py", line 205, in start_worker
    start_worker(
  File "/home/rahul/Frappe/Asia21/apps/frappe/frappe/utils/background_jobs.py", line 245, in start_worker
    worker.work(logging_level=logging_level, burst=burst)
  File "/home/rahul/Frappe/Asia21/env/lib/python3.10/site-packages/rq/worker.py", line 645, in work
    self.unsubscribe()
  File "/home/rahul/Frappe/Asia21/env/lib/python3.10/site-packages/rq/worker.py", line 550, in unsubscribe
    self.pubsub.unsubscribe()
  File "/home/rahul/Frappe/Asia21/env/lib/python3.10/site-packages/redis/client.py", line 1617, in unsubscribe
    return self.execute_command("UNSUBSCRIBE", *args)
  File "/home/rahul/Frappe/Asia21/env/lib/python3.10/site-packages/redis/client.py", line 1443, in execute_command
    self._execute(connection, connection.send_command, *args, **kwargs)
  File "/home/rahul/Frappe/Asia21/env/lib/python3.10/site-packages/redis/client.py", line 1482, in _execute
    return conn.retry.call_with_retry(
  File "/home/rahul/Frappe/Asia21/env/lib/python3.10/site-packages/redis/retry.py", line 49, in call_with_retry
    fail(error)
  File "/home/rahul/Frappe/Asia21/env/lib/python3.10/site-packages/redis/client.py", line 1484, in <lambda>
    lambda error: self._disconnect_raise_connect(conn, error),
  File "/home/rahul/Frappe/Asia21/env/lib/python3.10/site-packages/redis/client.py", line 1471, in _disconnect_raise_connect
    raise error
  File "/home/rahul/Frappe/Asia21/env/lib/python3.10/site-packages/redis/retry.py", line 46, in call_with_retry
    return do()
  File "/home/rahul/Frappe/Asia21/env/lib/python3.10/site-packages/redis/client.py", line 1483, in <lambda>
    lambda: command(*args, **kwargs),
  File "/home/rahul/Frappe/Asia21/env/lib/python3.10/site-packages/redis/connection.py", line 799, in send_command
    self.send_packed_command(
  File "/home/rahul/Frappe/Asia21/env/lib/python3.10/site-packages/redis/connection.py", line 773, in send_packed_command
    self.connect()
  File "/home/rahul/Frappe/Asia21/env/lib/python3.10/site-packages/redis/connection.py", line 617, in connect
    raise ConnectionError(self._error_message(e))
redis.exceptions.ConnectionError: Error 111 connecting to localhost:11001. Connection refused.
18:17:53 Traceback (most recent call last):
  File "/home/rahul/Frappe/Asia21/env/lib/python3.10/site-packages/rq/worker.py", line 1075, in perform_job
    rv = job.perform()
  File "/home/rahul/Frappe/Asia21/env/lib/python3.10/site-packages/rq/job.py", line 854, in perform
    self._result = self._execute()
  File "/home/rahul/Frappe/Asia21/env/lib/python3.10/site-packages/rq/job.py", line 877, in _execute
    result = self.func(*self.args, **self.kwargs)
  File "/home/rahul/Frappe/Asia21/apps/frappe/frappe/utils/background_jobs.py", line 172, in execute_job
    method(**kwargs)
  File "/home/rahul/Frappe/Asia21/apps/frappe/frappe/core/doctype/rq_job/test_rq_job.py", line 107, in test_func
    42 / 0
ZeroDivisionError: division by zero
Traceback (most recent call last):
  File "/home/rahul/Frappe/Asia21/env/lib/python3.10/site-packages/rq/worker.py", line 1075, in perform_job
    rv = job.perform()
  File "/home/rahul/Frappe/Asia21/env/lib/python3.10/site-packages/rq/job.py", line 854, in perform
    self._result = self._execute()
  File "/home/rahul/Frappe/Asia21/env/lib/python3.10/site-packages/rq/job.py", line 877, in _execute
    result = self.func(*self.args, **self.kwargs)
  File "/home/rahul/Frappe/Asia21/apps/frappe/frappe/utils/background_jobs.py", line 172, in execute_job
    method(**kwargs)
  File "/home/rahul/Frappe/Asia21/apps/frappe/frappe/core/doctype/rq_job/test_rq_job.py", line 107, in test_func
    42 / 0
ZeroDivisionError: division by zero
18:22:50 Traceback (most recent call last):
  File "/home/rahul/Frappe/Asia21/env/lib/python3.10/site-packages/rq/worker.py", line 1075, in perform_job
    rv = job.perform()
  File "/home/rahul/Frappe/Asia21/env/lib/python3.10/site-packages/rq/job.py", line 854, in perform
    self._result = self._execute()
  File "/home/rahul/Frappe/Asia21/env/lib/python3.10/site-packages/rq/job.py", line 877, in _execute
    result = self.func(*self.args, **self.kwargs)
  File "/home/rahul/Frappe/Asia21/apps/frappe/frappe/utils/background_jobs.py", line 172, in execute_job
    method(**kwargs)
  File "/home/rahul/Frappe/Asia21/apps/frappe/frappe/tests/test_background_jobs.py", line 49, in fail_function
    return 1 / 0
ZeroDivisionError: division by zero
Traceback (most recent call last):
  File "/home/rahul/Frappe/Asia21/env/lib/python3.10/site-packages/rq/worker.py", line 1075, in perform_job
    rv = job.perform()
  File "/home/rahul/Frappe/Asia21/env/lib/python3.10/site-packages/rq/job.py", line 854, in perform
    self._result = self._execute()
  File "/home/rahul/Frappe/Asia21/env/lib/python3.10/site-packages/rq/job.py", line 877, in _execute
    result = self.func(*self.args, **self.kwargs)
  File "/home/rahul/Frappe/Asia21/apps/frappe/frappe/utils/background_jobs.py", line 172, in execute_job
    method(**kwargs)
  File "/home/rahul/Frappe/Asia21/apps/frappe/frappe/tests/test_background_jobs.py", line 49, in fail_function
    return 1 / 0
ZeroDivisionError: division by zero
